============================================================
  Generated by:           Genus(TM) Synthesis Solution 19.12-s121_1
  Generated on:           Apr 11 2023  08:04:27 pm
  Module:                 fifo1_sram
  Technology libraries:   saed32hvt_ss0p75v125c 1.0000000
                          saed32hvt_ss0p95v125c 1.0000000
                          saed32rvt_ss0p75v125c 1.0000000
                          saed32rvt_ss0p95v125c 1.0000000
                          saed32lvt_ss0p75v125c 1.0000000
                          saed32lvt_ss0p95v125c 1.0000000
                          saed32io_wb_ss0p95v125c_2p25v 
                          saed32sram_ss0p95v125c 1.0000000
                          saed32pll_ss0p95v125c_2p25v 
  Operating conditions:   _nominal_ (balanced_tree)
  Wireload mode:          enclosed
  Area mode:              timing library
============================================================

Timing
--------

 Clock Period 
--------------
rclk   1220.0 
wclk   1180.0 
wclk2x  590.0 


  Cost    Critical           Violating 
 Group   Path Slack   TNS      Paths   
---------------------------------------
default    No paths     0.0            
INPUTS          0.7     0.0          0 
OUTPUTS       -25.5   -44.6          2 
rclk           11.2     0.0          0 
wclk            8.2     0.0          0 
wclk2x     No paths     0.0            
---------------------------------------
Total                 -44.6          2 

Instance Count
--------------
Leaf Instance Count             332 
Physical Instance count           0 
Sequential Instance Count       104 
Combinational Instance Count    228 
Hierarchical Instance Count       5 

Area
----
Cell Area                          370592.781
Physical Cell Area                 0.000
Total Cell Area (Cell+Physical)    370592.781
Net Area                           0.000
Total Area (Cell+Physical+Net)     370592.781

Max Fanout                         72 (fifomem/n_27)
Min Fanout                         0 (io_b_wrst_n_net)
Average Fanout                     2.8
Terms to net ratio                 4.4703
Terms to instance ratio            4.9819
Runtime                            47.99938 seconds
Elapsed Runtime                    258 seconds
Genus peak memory usage            1801.60 
Innovus peak memory usage          no_value 
Hostname                           auto.ece.pdx.edu
