============================================================
  Generated by:           Genus(TM) Synthesis Solution 19.12-s121_1
  Generated on:           Apr 11 2023  08:14:33 pm
  Module:                 fifo1_sram
  Technology libraries:   saed32hvt_ss0p75v125c 1.0000000
                          saed32hvt_ss0p95v125c 1.0000000
                          saed32rvt_ss0p75v125c 1.0000000
                          saed32rvt_ss0p95v125c 1.0000000
                          saed32lvt_ss0p75v125c 1.0000000
                          saed32lvt_ss0p95v125c 1.0000000
                          saed32io_wb_ss0p95v125c_2p25v 
                          saed32sram_ss0p95v125c 1.0000000
                          saed32pll_ss0p95v125c_2p25v 
                          physical_cells 
  Operating conditions:   _nominal_ 
  Interconnect mode:      spatial
  Area mode:              physical library
============================================================

Timing
--------

 Clock Period 
--------------
rclk   1220.0 
wclk   1180.0 
wclk2x  590.0 


  Cost    Critical            Violating 
 Group   Path Slack    TNS      Paths   
----------------------------------------
default    No paths      0.0            
INPUTS        -47.8   -424.4         10 
OUTPUTS      -104.4   -142.6          2 
rclk            2.3      0.0          0 
wclk            3.0      0.0          0 
wclk2x     No paths      0.0            
----------------------------------------
Total                 -567.0         12 

Instance Count
--------------
Leaf Instance Count             337 
Physical Instance count           0 
Sequential Instance Count       104 
Combinational Instance Count    233 
Hierarchical Instance Count       5 

Area
----
Cell Area                          370680.209
Physical Cell Area                 0.000
Total Cell Area (Cell+Physical)    370680.209
Net Area                           2580.248
Total Area (Cell+Physical+Net)     373260.457

Floorplan Utilization              0.43%
Max Fanout                         72 (fifomem/n_27)
Min Fanout                         0 (io_r_wdata_in_0__net)
Average Fanout                     3.2
Terms to net ratio                 4.6122
Terms to instance ratio            4.9407
Runtime                            123.927744 seconds
Elapsed Runtime                    164 seconds
Genus peak memory usage            2313.14 
Innovus peak memory usage          no_value 
Hostname                           auto.ece.pdx.edu

Physical Data
-------------
Total Net Length                   46075.85 um
Average Net Length                 129.79 um
