****************************************
Report : Data Mismatches
Version: Q-2019.12-SP4
Date   : Tue Apr 11 00:41:44 2023
****************************************
No mismatches exist on the design.
1
1
NEX: 803 nets
NEX: 92.03%(739/803) nets are valid placed

Histogram of "num of nodes per net"
  value: 	percent%
     1: 	8.0% 
     2: 	64.8% (peak)
     3: 	11.1% 
     4: 	4.9% 
     5: 	8.6% (average = 8) 
    10: 	1.7% 
    20: 	0.6% 
    40: 	0.1% 
    1000: 	0.2% 


Histogram of "net bbox size(um)"
  value: 	percent%
   0.00: 	8.0% (peak)
   0.50: 	0.1% 
   1.00: 	3.4% 
   2.00: 	8.1% 
   3.00: 	4.0% 
   4.00: 	7.0% 
   5.00: 	21.0% 
   10.00: 	14.6% 
   20.00: 	8.2% 
   40.00: 	8.7% (average = 61.8) 
   100.00: 	7.6% 
   200.00: 	4.0% 
   400.00: 	5.4% 


Histogram of "net bbox aspect()"
  value: 	percent%
   0.00: 	8.0% 
   1.00: 	6.7% (peak)
   1.10: 	6.2% 
   1.20: 	4.1% 
   1.30: 	5.0% 
   1.40: 	3.2% 
   1.50: 	4.2% 
   1.60: 	5.5% 
   1.70: 	3.7% 
   1.80: 	2.9% 
   1.90: 	2.7% 
   2.00: 	12.5% 
   2.50: 	8.1% 
   3.00: 	8.2% 
   4.00: 	3.6% 
   5.00: 	5.5% (average = 5.8) 
   10.00: 	3.9% 
   20.00: 	1.5% 
   30.00: 	1.1% 
   40.00: 	0.7% 
   50.00: 	1.9% 
   100.00: 	0.7% 

NEX: 19483 insts

Histogram of "inst bbox size(um)"
  value: 	percent%
   1.00: 	57.1% (peak)
   2.00: 	0.6% 
   3.00: 	0.1% 
   4.00: 	0.1% 
   5.00: 	3.3% (average = 9.4) 
   10.00: 	38.5% 
   100.00: 	0.0% 
   200.00: 	0.1% 

NEX: 1 NDR rules: 
  [0] clock_double_spacing
1

=========================================================
==     Check for global route app-option  ==
=========================================================

>>> The option values are suggested.


======================================================
=== Check global route congestion map for overflow ===
======================================================

>>> Running global route to generate congestion map...

Turn off antenna since no rule is specified
Cell Min-Routing-Layer = M2
Cell Max-Routing-Layer = M7
Warning: Cannot find a default contact code for layer CO. (ZRT-022)
Warning: Ignore 27 top cell ports with no pins. (ZRT-027)
Info: number of net_type_blockage: 0 
When applicable Min-max layer allow_pin_connection mode will allow paths of length 3.55 outside the layer range.
Loading parastics information to the router ...
parastics information loaded to the router.
Information: RC layer preference is turned off for this design. (ZRT-613)

>>> No gCell with overflow >= 30 is found.
Printing options for 'route.common.*'
common.verbose_level                                    :	 0                   

Printing options for 'route.detail.*'
detail.eco_route_use_soft_spacing_for_timing_optimization:	 true                
detail.force_end_on_preferred_grid                      :	 true                

Printing options for 'route.auto_via_ladder.*'

Information: RC layer preference is turned off for this design. (ZRT-613)

============================================
==  Check for design                       ==
============================================

>>> No net contains a large number of ports 

>>> No port contains a large number of pins 

============================================
==  Check for PG PreRoute setting          ==
============================================
 No number_of_secondary_pg_pin_connections setting and skip checking 
 
============================================
==  Check for overlap of standard cells   ==
============================================

>>>>>> No overlap of standard cells found

============================================
==     Check for min-grid violations      ==
============================================

>>>>>> No min-grid violations found


============================================
==    Check for out-of-boundary ports     ==
============================================

>>>>>> No out-of-boundary error found

============================================
==        Check for blocked ports         ==
============================================

>>>>>> No blocked ports found

>>>>>> No blocked nets found

============================================
==     Check for shielding violations     ==
============================================

>>>>>> The following Non-PG net has a shape with shape_use shield_route

>>> No non-PG net has a shape with shape_use shield_route.

>>>>>> The following PG net has shape with shape_use detail_route and shape length is too long.

>>> No PG net has shape with shape_use detail_route and shape length is too long.

>>>>>> The following nets with shield non-default rule has no internal data representation in Zroute.

>>> No nets with shield non-default rule has no internal data representation in Zroute.

============================================
==     Check for via cut blockage violation   ==
============================================

>>>>>> The following via cut blockages are wrongly treated as real vias.

>>> No via cut blockage is wrongly treated as real via.

============================================
==     Check for custom via definition    ==
============================================

>>> No custom via definition has too many cuts

============================================
==          Check for via master          ==
============================================

>>> The total number of via master definition is 476

===============================================
==     Check non-default rule setting        ==
===============================================

>>> No NDR width is larger than signalRouteMaxWidth

>>> No NDR shield width is larger than signalRouteMaxWidth

======================================================
==     Check redundant duplicated PG shapes         ==
======================================================

>>> No redundant duplicated PG shapes overlap with each other.

End of check_routability
1
