Warning: Converting clock object 'rclk' from ideal to propagated. (UITE-315)
 ( func_fastslow func_max func_min func_slowfast test_best test_fastslow test_slowfast test_worst )
Warning: Converting clock object 'wclk' from ideal to propagated. (UITE-315)
 ( func_fastslow func_max func_min func_slowfast test_best test_fastslow test_slowfast test_worst )
Warning: Converting clock object 'wclk2x' from ideal to propagated. (UITE-315)
 ( func_fastslow func_max func_min func_slowfast test_best test_fastslow test_slowfast test_worst )
Warning: Failed to compute the falling RC network delay from the pin 'cto_buf_1810/Y' to the pin 'fifomem/genblk1_7__U/CE2' in the network 'cts2'. (RC-005)
 ( func_max func_slowfast test_slowfast test_worst )
Warning: Failed to compute the falling RC network delay from the pin 'cto_buf_1810/Y' to the pin 'rptr_empty/rbin_reg_10_/CLK' in the network 'cts2'. (RC-005)
 ( func_max func_slowfast test_slowfast test_worst )
Warning: Failed to compute the falling RC network delay from the pin 'cto_buf_1810/Y' to the pin 'rptr_empty/rbin_reg_5_/CLK' in the network 'cts2'. (RC-005)
 ( func_max func_slowfast test_slowfast test_worst )
Warning: Failed to compute the falling RC network delay from the pin 'cto_buf_1810/Y' to the pin 'rptr_empty/rbin_reg_7_/CLK' in the network 'cts2'. (RC-005)
 ( func_max func_slowfast test_slowfast test_worst )
Warning: Failed to compute the falling RC network delay from the pin 'cto_buf_1810/Y' to the pin 'rptr_empty/rbin_reg_8_/CLK' in the network 'cts2'. (RC-005)
 ( func_max func_slowfast test_slowfast test_worst )
Warning: Failed to compute the falling RC network delay from the pin 'cto_buf_1810/Y' to the pin 'rptr_empty/rbin_reg_9_/CLK' in the network 'cts2'. (RC-005)
 ( func_max func_slowfast test_slowfast test_worst )
Warning: Failed to compute the falling RC network delay from the pin 'cto_buf_1810/Y' to the pin 'rptr_empty/rptr_reg_3_/CLK' in the network 'cts2'. (RC-005)
 ( func_max func_slowfast test_slowfast test_worst )
Warning: Failed to compute the falling RC network delay from the pin 'cto_buf_1810/Y' to the pin 'rptr_empty/rptr_reg_4_/CLK' in the network 'cts2'. (RC-005)
 ( func_max func_slowfast test_slowfast test_worst )
Warning: Failed to compute the falling RC network delay from the pin 'cto_buf_1810/Y' to the pin 'rptr_empty/rptr_reg_5_/CLK' in the network 'cts2'. (RC-005)
 ( func_max func_slowfast test_slowfast test_worst )
Warning: Failed to compute the falling RC network delay from the pin 'cto_buf_1810/Y' to the pin 'rptr_empty/rptr_reg_6_/CLK' in the network 'cts2'. (RC-005)
 ( func_max func_slowfast test_slowfast test_worst )
Warning: Failed to compute the falling RC network delay from the pin 'cto_buf_1810/Y' to the pin 'rptr_empty/rptr_reg_8_/CLK' in the network 'cts2'. (RC-005)
 ( func_max func_slowfast test_slowfast test_worst )
Warning: Failed to compute the falling RC network delay from the pin 'cto_buf_1810/Y' to the pin 'rptr_empty/rptr_reg_9_/CLK' in the network 'cts2'. (RC-005)
 ( func_max func_slowfast test_slowfast test_worst )
Warning: Failed to compute the falling RC network delay from the pin 'cto_buf_1810/Y' to the pin 'sync_w2r/rq1_wptr_reg_0_/CLK' in the network 'cts2'. (RC-005)
 ( func_max func_slowfast test_slowfast test_worst )
Warning: Failed to compute the falling RC network delay from the pin 'cto_buf_1810/Y' to the pin 'sync_w2r/rq1_wptr_reg_10_/CLK' in the network 'cts2'. (RC-005)
 ( func_max func_slowfast test_slowfast test_worst )
Warning: Failed to compute the falling RC network delay from the pin 'cto_buf_1810/Y' to the pin 'sync_w2r/rq1_wptr_reg_1_/CLK' in the network 'cts2'. (RC-005)
 ( func_max func_slowfast test_slowfast test_worst )
Warning: Failed to compute the falling RC network delay from the pin 'cto_buf_1810/Y' to the pin 'sync_w2r/rq1_wptr_reg_3_/CLK' in the network 'cts2'. (RC-005)
 ( func_max func_slowfast test_slowfast test_worst )
Warning: Failed to compute the falling RC network delay from the pin 'cto_buf_1810/Y' to the pin 'sync_w2r/rq1_wptr_reg_4_/CLK' in the network 'cts2'. (RC-005)
 ( func_max func_slowfast test_slowfast test_worst )
Warning: Failed to compute the falling RC network delay from the pin 'cto_buf_1810/Y' to the pin 'sync_w2r/rq1_wptr_reg_5_/CLK' in the network 'cts2'. (RC-005)
 ( func_max func_slowfast test_slowfast test_worst )
Warning: Failed to compute the falling RC network delay from the pin 'cto_buf_1810/Y' to the pin 'sync_w2r/rq1_wptr_reg_6_/CLK' in the network 'cts2'. (RC-005)
 ( func_max func_slowfast test_slowfast test_worst )
Warning: Failed to compute the falling RC network delay from the pin 'cto_buf_1810/Y' to the pin 'sync_w2r/rq1_wptr_reg_7_/CLK' in the network 'cts2'. (RC-005)
 ( func_max func_slowfast test_slowfast test_worst )
Warning: Failed to compute the falling RC network delay from the pin 'cto_buf_1810/Y' to the pin 'sync_w2r/rq1_wptr_reg_8_/CLK' in the network 'cts2'. (RC-005)
 ( func_max func_slowfast test_slowfast test_worst )
Warning: Failed to compute the falling RC network delay from the pin 'cto_buf_1810/Y' to the pin 'sync_w2r/rq1_wptr_reg_9_/CLK' in the network 'cts2'. (RC-005)
 ( func_max func_slowfast test_slowfast test_worst )
Warning: Failed to compute the falling RC network delay from the pin 'cto_buf_1810/Y' to the pin 'sync_w2r/rq2_wptr_reg_10_/CLK' in the network 'cts2'. (RC-005)
 ( func_max func_slowfast test_slowfast test_worst )
Warning: Failed to compute the falling RC network delay from the pin 'cto_buf_1810/Y' to the pin 'sync_w2r/rq2_wptr_reg_3_/CLK' in the network 'cts2'. (RC-005)
 ( func_max func_slowfast test_slowfast test_worst )
Warning: Failed to compute the falling RC network delay from the pin 'cto_buf_1810/Y' to the pin 'sync_w2r/rq2_wptr_reg_4_/CLK' in the network 'cts2'. (RC-005)
 ( func_max func_slowfast test_slowfast test_worst )
Warning: Failed to compute the falling RC network delay from the pin 'cto_buf_1810/Y' to the pin 'sync_w2r/rq2_wptr_reg_5_/CLK' in the network 'cts2'. (RC-005)
 ( func_max func_slowfast test_slowfast test_worst )
Warning: Failed to compute the falling RC network delay from the pin 'cto_buf_1810/Y' to the pin 'sync_w2r/rq2_wptr_reg_6_/CLK' in the network 'cts2'. (RC-005)
 ( func_max func_slowfast test_slowfast test_worst )
Warning: Failed to compute the falling RC network delay from the pin 'cto_buf_1810/Y' to the pin 'sync_w2r/rq2_wptr_reg_7_/CLK' in the network 'cts2'. (RC-005)
 ( func_max func_slowfast test_slowfast test_worst )
Warning: Failed to compute the falling RC network delay from the pin 'cto_buf_1810/Y' to the pin 'sync_w2r/rq2_wptr_reg_8_/CLK' in the network 'cts2'. (RC-005)
 ( func_max func_slowfast test_slowfast test_worst )
Warning: Failed to compute the falling RC network delay from the pin 'cto_buf_1810/Y' to the pin 'sync_w2r/rq2_wptr_reg_9_/CLK' in the network 'cts2'. (RC-005)
 ( func_max func_slowfast test_slowfast test_worst )
Warning: Failed to compute the falling RC network delay from the pin 'fifomem/cto_buf_1811/Y' to the pin 'fifomem/genblk1_0__U/CE2' in the network 'fifomem/cts1'. (RC-005)
 ( func_max func_slowfast test_slowfast test_worst )
Warning: Failed to compute the falling RC network delay from the pin 'fifomem/cto_buf_1811/Y' to the pin 'fifomem/genblk1_1__U/CE2' in the network 'fifomem/cts1'. (RC-005)
 ( func_max func_slowfast test_slowfast test_worst )
Warning: Failed to compute the falling RC network delay from the pin 'fifomem/cto_buf_1811/Y' to the pin 'fifomem/genblk1_4__U/CE2' in the network 'fifomem/cts1'. (RC-005)
 ( func_max func_slowfast test_slowfast test_worst )
Warning: Failed to compute the falling RC network delay from the pin 'fifomem/cto_buf_1811/Y' to the pin 'fifomem/genblk1_5__U/CE2' in the network 'fifomem/cts1'. (RC-005)
 ( func_max func_slowfast test_slowfast test_worst )
Warning: Failed to compute the rising RC network delay from the pin 'cto_buf_1810/Y' to the pin 'fifomem/genblk1_7__U/CE2' in the network 'cts2'. (RC-005)
 ( func_max func_slowfast test_slowfast test_worst )
Warning: Failed to compute the rising RC network delay from the pin 'cto_buf_1810/Y' to the pin 'rptr_empty/rbin_reg_10_/CLK' in the network 'cts2'. (RC-005)
 ( func_max func_slowfast test_slowfast test_worst )
Warning: Failed to compute the rising RC network delay from the pin 'cto_buf_1810/Y' to the pin 'rptr_empty/rbin_reg_5_/CLK' in the network 'cts2'. (RC-005)
 ( func_max func_slowfast test_slowfast test_worst )
Warning: Failed to compute the rising RC network delay from the pin 'cto_buf_1810/Y' to the pin 'rptr_empty/rbin_reg_7_/CLK' in the network 'cts2'. (RC-005)
 ( func_max func_slowfast test_slowfast test_worst )
Warning: Failed to compute the rising RC network delay from the pin 'cto_buf_1810/Y' to the pin 'rptr_empty/rbin_reg_8_/CLK' in the network 'cts2'. (RC-005)
 ( func_max func_slowfast test_slowfast test_worst )
Warning: Failed to compute the rising RC network delay from the pin 'cto_buf_1810/Y' to the pin 'rptr_empty/rbin_reg_9_/CLK' in the network 'cts2'. (RC-005)
 ( func_max func_slowfast test_slowfast test_worst )
Warning: Failed to compute the rising RC network delay from the pin 'cto_buf_1810/Y' to the pin 'rptr_empty/rptr_reg_3_/CLK' in the network 'cts2'. (RC-005)
 ( func_max func_slowfast test_slowfast test_worst )
Warning: Failed to compute the rising RC network delay from the pin 'cto_buf_1810/Y' to the pin 'rptr_empty/rptr_reg_4_/CLK' in the network 'cts2'. (RC-005)
 ( func_max func_slowfast test_slowfast test_worst )
Warning: Failed to compute the rising RC network delay from the pin 'cto_buf_1810/Y' to the pin 'rptr_empty/rptr_reg_5_/CLK' in the network 'cts2'. (RC-005)
 ( func_max func_slowfast test_slowfast test_worst )
Warning: Failed to compute the rising RC network delay from the pin 'cto_buf_1810/Y' to the pin 'rptr_empty/rptr_reg_6_/CLK' in the network 'cts2'. (RC-005)
 ( func_max func_slowfast test_slowfast test_worst )
Warning: Failed to compute the rising RC network delay from the pin 'cto_buf_1810/Y' to the pin 'rptr_empty/rptr_reg_8_/CLK' in the network 'cts2'. (RC-005)
 ( func_max func_slowfast test_slowfast test_worst )
Warning: Failed to compute the rising RC network delay from the pin 'cto_buf_1810/Y' to the pin 'rptr_empty/rptr_reg_9_/CLK' in the network 'cts2'. (RC-005)
 ( func_max func_slowfast test_slowfast test_worst )
Warning: Failed to compute the rising RC network delay from the pin 'cto_buf_1810/Y' to the pin 'sync_w2r/rq1_wptr_reg_0_/CLK' in the network 'cts2'. (RC-005)
 ( func_max func_slowfast test_slowfast test_worst )
Warning: Failed to compute the rising RC network delay from the pin 'cto_buf_1810/Y' to the pin 'sync_w2r/rq1_wptr_reg_10_/CLK' in the network 'cts2'. (RC-005)
 ( func_max func_slowfast test_slowfast test_worst )
Warning: Failed to compute the rising RC network delay from the pin 'cto_buf_1810/Y' to the pin 'sync_w2r/rq1_wptr_reg_1_/CLK' in the network 'cts2'. (RC-005)
 ( func_max func_slowfast test_slowfast test_worst )
Warning: Failed to compute the rising RC network delay from the pin 'cto_buf_1810/Y' to the pin 'sync_w2r/rq1_wptr_reg_3_/CLK' in the network 'cts2'. (RC-005)
 ( func_max func_slowfast test_slowfast test_worst )
Warning: Failed to compute the rising RC network delay from the pin 'cto_buf_1810/Y' to the pin 'sync_w2r/rq1_wptr_reg_4_/CLK' in the network 'cts2'. (RC-005)
 ( func_max func_slowfast test_slowfast test_worst )
Warning: Failed to compute the rising RC network delay from the pin 'cto_buf_1810/Y' to the pin 'sync_w2r/rq1_wptr_reg_5_/CLK' in the network 'cts2'. (RC-005)
 ( func_max func_slowfast test_slowfast test_worst )
Warning: Failed to compute the rising RC network delay from the pin 'cto_buf_1810/Y' to the pin 'sync_w2r/rq1_wptr_reg_6_/CLK' in the network 'cts2'. (RC-005)
 ( func_max func_slowfast test_slowfast test_worst )
Warning: Failed to compute the rising RC network delay from the pin 'cto_buf_1810/Y' to the pin 'sync_w2r/rq1_wptr_reg_7_/CLK' in the network 'cts2'. (RC-005)
 ( func_max func_slowfast test_slowfast test_worst )
Warning: Failed to compute the rising RC network delay from the pin 'cto_buf_1810/Y' to the pin 'sync_w2r/rq1_wptr_reg_8_/CLK' in the network 'cts2'. (RC-005)
 ( func_max func_slowfast test_slowfast test_worst )
Warning: Failed to compute the rising RC network delay from the pin 'cto_buf_1810/Y' to the pin 'sync_w2r/rq1_wptr_reg_9_/CLK' in the network 'cts2'. (RC-005)
 ( func_max func_slowfast test_slowfast test_worst )
Warning: Failed to compute the rising RC network delay from the pin 'cto_buf_1810/Y' to the pin 'sync_w2r/rq2_wptr_reg_10_/CLK' in the network 'cts2'. (RC-005)
 ( func_max func_slowfast test_slowfast test_worst )
Warning: Failed to compute the rising RC network delay from the pin 'cto_buf_1810/Y' to the pin 'sync_w2r/rq2_wptr_reg_3_/CLK' in the network 'cts2'. (RC-005)
 ( func_max func_slowfast test_slowfast test_worst )
Warning: Failed to compute the rising RC network delay from the pin 'cto_buf_1810/Y' to the pin 'sync_w2r/rq2_wptr_reg_4_/CLK' in the network 'cts2'. (RC-005)
 ( func_max func_slowfast test_slowfast test_worst )
Warning: Failed to compute the rising RC network delay from the pin 'cto_buf_1810/Y' to the pin 'sync_w2r/rq2_wptr_reg_5_/CLK' in the network 'cts2'. (RC-005)
 ( func_max func_slowfast test_slowfast test_worst )
Warning: Failed to compute the rising RC network delay from the pin 'cto_buf_1810/Y' to the pin 'sync_w2r/rq2_wptr_reg_6_/CLK' in the network 'cts2'. (RC-005)
 ( func_max func_slowfast test_slowfast test_worst )
Warning: Failed to compute the rising RC network delay from the pin 'cto_buf_1810/Y' to the pin 'sync_w2r/rq2_wptr_reg_7_/CLK' in the network 'cts2'. (RC-005)
 ( func_max func_slowfast test_slowfast test_worst )
Warning: Failed to compute the rising RC network delay from the pin 'cto_buf_1810/Y' to the pin 'sync_w2r/rq2_wptr_reg_8_/CLK' in the network 'cts2'. (RC-005)
 ( func_max func_slowfast test_slowfast test_worst )
Warning: Failed to compute the rising RC network delay from the pin 'cto_buf_1810/Y' to the pin 'sync_w2r/rq2_wptr_reg_9_/CLK' in the network 'cts2'. (RC-005)
 ( func_max func_slowfast test_slowfast test_worst )
Warning: Failed to compute the rising RC network delay from the pin 'fifomem/cto_buf_1811/Y' to the pin 'fifomem/genblk1_0__U/CE2' in the network 'fifomem/cts1'. (RC-005)
 ( func_max func_slowfast test_slowfast test_worst )
Warning: Failed to compute the rising RC network delay from the pin 'fifomem/cto_buf_1811/Y' to the pin 'fifomem/genblk1_1__U/CE2' in the network 'fifomem/cts1'. (RC-005)
 ( func_max func_slowfast test_slowfast test_worst )
Warning: Failed to compute the rising RC network delay from the pin 'fifomem/cto_buf_1811/Y' to the pin 'fifomem/genblk1_4__U/CE2' in the network 'fifomem/cts1'. (RC-005)
 ( func_max func_slowfast test_slowfast test_worst )
Warning: Failed to compute the rising RC network delay from the pin 'fifomem/cto_buf_1811/Y' to the pin 'fifomem/genblk1_5__U/CE2' in the network 'fifomem/cts1'. (RC-005)
 ( func_max func_slowfast test_slowfast test_worst )
Warning: Setting this variable to a lower value can cause a significant performance degradation during a timing update. (PTE-067)
 ( func_fastslow func_max func_min func_slowfast test_best test_fastslow test_slowfast test_worst )
Warning: Some timing arcs have been disabled for breaking timing loops or because of constant propagation. Use the 'report_disable_timing' command to get the list of these disabled timing arcs. (PTE-003)
 ( func_fastslow func_max func_min func_slowfast test_best test_fastslow test_slowfast test_worst )
Warning: The drive-resistance for the timing arc (saed32hvt_ff0p95vn40c/NBUFFX32_HVT) U20/A-->Y (max rising & falling positive_unate) is much less than the network impedance to ground; PrimeTime has adjusted the drive-resistance to improve accuracy. (RC-009)
 ( func_fastslow func_min test_best test_fastslow )
Warning: The drive-resistance for the timing arc (saed32hvt_ff0p95vn40c/NBUFFX32_HVT) U20/A-->Y (min rising & falling positive_unate) is much less than the network impedance to ground; PrimeTime has adjusted the drive-resistance to improve accuracy. (RC-009)
 ( func_fastslow func_min test_best test_fastslow )
Warning: The drive-resistance for the timing arc (saed32hvt_ff0p95vn40c/NBUFFX32_HVT) fifomem/HFSBUF_207_4/A-->Y (max rising & falling positive_unate) is much less than the network impedance to ground; PrimeTime has adjusted the drive-resistance to improve accuracy. (RC-009)
 ( func_fastslow func_min test_best test_fastslow )
Warning: The drive-resistance for the timing arc (saed32hvt_ff0p95vn40c/NBUFFX32_HVT) fifomem/HFSBUF_207_4/A-->Y (min rising & falling positive_unate) is much less than the network impedance to ground; PrimeTime has adjusted the drive-resistance to improve accuracy. (RC-009)
 ( func_fastslow func_min test_best test_fastslow )
Warning: The drive-resistance for the timing arc (saed32lvt_ff0p95vn40c/IBUFFX32_LVT) U24/A-->Y (max rising & falling negative_unate) is much less than the network impedance to ground; PrimeTime has adjusted the drive-resistance to improve accuracy. (RC-009)
 ( func_fastslow func_min test_best test_fastslow )
Warning: The drive-resistance for the timing arc (saed32lvt_ff0p95vn40c/IBUFFX32_LVT) U24/A-->Y (min rising & falling negative_unate) is much less than the network impedance to ground; PrimeTime has adjusted the drive-resistance to improve accuracy. (RC-009)
 ( func_fastslow func_min test_best test_fastslow )
Warning: The drive-resistance for the timing arc (saed32lvt_ff0p95vn40c/IBUFFX32_LVT) ctmTdsLR_1_341/A-->Y (max rising & falling negative_unate) is much less than the network impedance to ground; PrimeTime has adjusted the drive-resistance to improve accuracy. (RC-009)
 ( func_fastslow func_min test_best test_fastslow )
Warning: The drive-resistance for the timing arc (saed32lvt_ff0p95vn40c/IBUFFX32_LVT) ctmTdsLR_1_341/A-->Y (min rising & falling negative_unate) is much less than the network impedance to ground; PrimeTime has adjusted the drive-resistance to improve accuracy. (RC-009)
 ( func_fastslow func_min test_best test_fastslow )
Warning: The drive-resistance for the timing arc (saed32lvt_ff0p95vn40c/INVX16_LVT) ZINV_22_inst_2144/A-->Y (max rising & falling negative_unate) is much less than the network impedance to ground; PrimeTime has adjusted the drive-resistance to improve accuracy. (RC-009)
 ( func_fastslow func_min test_best test_fastslow )
Warning: The drive-resistance for the timing arc (saed32lvt_ff0p95vn40c/INVX16_LVT) ZINV_22_inst_2144/A-->Y (min rising & falling negative_unate) is much less than the network impedance to ground; PrimeTime has adjusted the drive-resistance to improve accuracy. (RC-009)
 ( func_fastslow func_min test_best test_fastslow )
Warning: The drive-resistance for the timing arc (saed32lvt_ff0p95vn40c/INVX16_LVT) ZINV_22_inst_94/A-->Y (min rising & falling negative_unate) is much less than the network impedance to ground; PrimeTime has adjusted the drive-resistance to improve accuracy. (RC-009)
 ( func_fastslow func_min test_best test_fastslow )
Warning: The drive-resistance for the timing arc (saed32lvt_ff0p95vn40c/INVX16_LVT) ZINV_39_f_inst_423/A-->Y (min rising & falling negative_unate) is much less than the network impedance to ground; PrimeTime has adjusted the drive-resistance to improve accuracy. (RC-009)
 ( func_fastslow func_min test_best test_fastslow )
Warning: The drive-resistance for the timing arc (saed32lvt_ff0p95vn40c/INVX32_LVT) HFSINV_1013_20/A-->Y (max rising & falling negative_unate) is much less than the network impedance to ground; PrimeTime has adjusted the drive-resistance to improve accuracy. (RC-009)
 ( func_fastslow func_min test_best test_fastslow )
Warning: The drive-resistance for the timing arc (saed32lvt_ff0p95vn40c/INVX32_LVT) HFSINV_1013_20/A-->Y (min rising & falling negative_unate) is much less than the network impedance to ground; PrimeTime has adjusted the drive-resistance to improve accuracy. (RC-009)
 ( func_fastslow func_min test_best test_fastslow )
Warning: The drive-resistance for the timing arc (saed32lvt_ff0p95vn40c/INVX32_LVT) ZINV_85_inst_421/A-->Y (min rising & falling negative_unate) is much less than the network impedance to ground; PrimeTime has adjusted the drive-resistance to improve accuracy. (RC-009)
 ( func_fastslow func_min test_best test_fastslow )
Warning: The drive-resistance for the timing arc (saed32lvt_ff0p95vn40c/NBUFFX16_LVT) fifomem/U36/A-->Y (max rising & falling positive_unate) is much less than the network impedance to ground; PrimeTime has adjusted the drive-resistance to improve accuracy. (RC-009)
 ( func_fastslow func_min test_best test_fastslow )
Warning: The drive-resistance for the timing arc (saed32lvt_ff0p95vn40c/NBUFFX16_LVT) fifomem/U36/A-->Y (min rising & falling positive_unate) is much less than the network impedance to ground; PrimeTime has adjusted the drive-resistance to improve accuracy. (RC-009)
 ( func_fastslow func_min test_best test_fastslow )
Warning: The drive-resistance for the timing arc (saed32lvt_ff0p95vn40c/NBUFFX32_LVT) U31/A-->Y (max rising & falling positive_unate) is much less than the network impedance to ground; PrimeTime has adjusted the drive-resistance to improve accuracy. (RC-009)
 ( func_fastslow func_min test_best test_fastslow )
Warning: The drive-resistance for the timing arc (saed32lvt_ff0p95vn40c/NBUFFX32_LVT) U31/A-->Y (min rising & falling positive_unate) is much less than the network impedance to ground; PrimeTime has adjusted the drive-resistance to improve accuracy. (RC-009)
 ( func_fastslow func_min test_best test_fastslow )
Warning: The drive-resistance for the timing arc (saed32lvt_ff0p95vn40c/NBUFFX32_LVT) fifomem/U32/A-->Y (max rising & falling positive_unate) is much less than the network impedance to ground; PrimeTime has adjusted the drive-resistance to improve accuracy. (RC-009)
 ( func_fastslow func_min test_best test_fastslow )
Warning: The drive-resistance for the timing arc (saed32lvt_ff0p95vn40c/NBUFFX32_LVT) fifomem/U32/A-->Y (min rising & falling positive_unate) is much less than the network impedance to ground; PrimeTime has adjusted the drive-resistance to improve accuracy. (RC-009)
 ( func_fastslow func_min test_best test_fastslow )
Warning: The drive-resistance for the timing arc (saed32lvt_ff0p95vn40c/NBUFFX32_LVT) fifomem/U34/A-->Y (max rising & falling positive_unate) is much less than the network impedance to ground; PrimeTime has adjusted the drive-resistance to improve accuracy. (RC-009)
 ( func_fastslow func_min test_best test_fastslow )
Warning: The drive-resistance for the timing arc (saed32lvt_ff0p95vn40c/NBUFFX32_LVT) fifomem/U34/A-->Y (min rising & falling positive_unate) is much less than the network impedance to ground; PrimeTime has adjusted the drive-resistance to improve accuracy. (RC-009)
 ( func_fastslow func_min test_best test_fastslow )
Warning: The drive-resistance for the timing arc (saed32lvt_ff0p95vn40c/NBUFFX32_LVT) fifomem/U46/A-->Y (max rising & falling positive_unate) is much less than the network impedance to ground; PrimeTime has adjusted the drive-resistance to improve accuracy. (RC-009)
 ( func_fastslow func_min test_best test_fastslow )
Warning: The drive-resistance for the timing arc (saed32lvt_ff0p95vn40c/NBUFFX32_LVT) fifomem/U46/A-->Y (min rising & falling positive_unate) is much less than the network impedance to ground; PrimeTime has adjusted the drive-resistance to improve accuracy. (RC-009)
 ( func_fastslow func_min test_best test_fastslow )
Warning: The drive-resistance for the timing arc (saed32lvt_ff0p95vn40c/NBUFFX32_LVT) fifomem/U58/A-->Y (max rising & falling positive_unate) is much less than the network impedance to ground; PrimeTime has adjusted the drive-resistance to improve accuracy. (RC-009)
 ( func_fastslow func_min test_best test_fastslow )
Warning: The drive-resistance for the timing arc (saed32lvt_ff0p95vn40c/NBUFFX32_LVT) fifomem/U58/A-->Y (min rising & falling positive_unate) is much less than the network impedance to ground; PrimeTime has adjusted the drive-resistance to improve accuracy. (RC-009)
 ( func_fastslow func_min test_best test_fastslow )
Warning: The drive-resistance for the timing arc (saed32lvt_ff0p95vn40c/NBUFFX32_LVT) fifomem/U59/A-->Y (max rising & falling positive_unate) is much less than the network impedance to ground; PrimeTime has adjusted the drive-resistance to improve accuracy. (RC-009)
 ( func_fastslow func_min test_best test_fastslow )
Warning: The drive-resistance for the timing arc (saed32lvt_ff0p95vn40c/NBUFFX32_LVT) fifomem/U59/A-->Y (min rising & falling positive_unate) is much less than the network impedance to ground; PrimeTime has adjusted the drive-resistance to improve accuracy. (RC-009)
 ( func_fastslow func_min test_best test_fastslow )
Warning: The drive-resistance for the timing arc (saed32lvt_ff0p95vn40c/NBUFFX32_LVT) wptr_full/ZBUF_9_inst_1843/A-->Y (max rising & falling positive_unate) is much less than the network impedance to ground; PrimeTime has adjusted the drive-resistance to improve accuracy. (RC-009)
 ( func_fastslow func_min test_best test_fastslow )
Warning: The drive-resistance for the timing arc (saed32lvt_ff0p95vn40c/NBUFFX32_LVT) wptr_full/ZBUF_9_inst_1843/A-->Y (min rising & falling positive_unate) is much less than the network impedance to ground; PrimeTime has adjusted the drive-resistance to improve accuracy. (RC-009)
 ( func_fastslow func_min test_best test_fastslow )
Warning: The drive-resistance for the timing arc (saed32rvt_ff0p95vn40c/IBUFFX32_RVT) fifomem/ZINV_35_inst_115/A-->Y (max rising & falling negative_unate) is much less than the network impedance to ground; PrimeTime has adjusted the drive-resistance to improve accuracy. (RC-009)
 ( func_fastslow func_min test_best test_fastslow )
Warning: The drive-resistance for the timing arc (saed32rvt_ff0p95vn40c/IBUFFX32_RVT) fifomem/ZINV_35_inst_115/A-->Y (min rising & falling negative_unate) is much less than the network impedance to ground; PrimeTime has adjusted the drive-resistance to improve accuracy. (RC-009)
 ( func_fastslow func_min test_best test_fastslow )
Warning: The drive-resistance for the timing arc (saed32rvt_ff0p95vn40c/NBUFFX32_RVT) U18/A-->Y (max rising & falling positive_unate) is much less than the network impedance to ground; PrimeTime has adjusted the drive-resistance to improve accuracy. (RC-009)
 ( func_fastslow func_min test_best test_fastslow )
Warning: The drive-resistance for the timing arc (saed32rvt_ff0p95vn40c/NBUFFX32_RVT) U18/A-->Y (min rising & falling positive_unate) is much less than the network impedance to ground; PrimeTime has adjusted the drive-resistance to improve accuracy. (RC-009)
 ( func_fastslow func_min test_best test_fastslow )
Warning: The type of RC delay calculation problems that have occurred prevents the min and max results from bounding the correct values. (RC-008)
 ( func_max func_slowfast test_slowfast test_worst )
