Usage: (0.2%H 0.2%V) = (1.823e+04um 2.552e+04um) = (10902 15265)
Overflow: 95 = 49 (0.01% H) + 46 (0.01% V)

Congestion distribution:

Remain	cntH		cntV
--------------------------------------
 -5:	0	 0.00%	1	 0.00%
 -4:	1	 0.00%	0	 0.00%
 -3:	1	 0.00%	2	 0.00%
 -2:	2	 0.00%	8	 0.00%
 -1:	42	 0.01%	29	 0.01%
--------------------------------------
  0:	884	 0.17%	85	 0.02%
  1:	9244	 1.79%	414	 0.08%
  2:	9537	 1.85%	1575	 0.31%
  3:	23659	 4.59%	6357	 1.23%
  4:	27568	 5.35%	8887	 1.72%
  5:	444305	86.23%	498166	96.63%
[hotspot] +------------+---------------+---------------+
[hotspot] |            |   max hotspot | total hotspot |
[hotspot] +------------+---------------+---------------+
[hotspot] | normalized |          0.52 |          1.04 |
[hotspot] +------------+---------------+---------------+
Local HotSpot Analysis: normalized max congestion hotspot area = 0.52, normalized total congestion hotspot area = 1.04 (area is in unit of 4 std-cell row bins)
[hotspot] top 3 congestion hotspot bounding boxes and scores of normalized hotspot
[hotspot] +-----+-------------------------------------+---------------+
[hotspot] | top |            hotspot bbox             | hotspot score |
[hotspot] +-----+-------------------------------------+---------------+
[hotspot] |  1  |   321.74   401.99   375.24   455.50 |        0.69   |
[hotspot] +-----+-------------------------------------+---------------+
[hotspot] |  2  |   428.74   401.99   482.25   455.50 |        0.17   |
[hotspot] +-----+-------------------------------------+---------------+
[hotspot] |  3  |   482.25   696.26   535.75   749.77 |        0.17   |
[hotspot] +-----+-------------------------------------+---------------+
