****************************************
Report : constraint
        -all_violators
Design : fifo1_sram
Version: Q-2019.12-SP4
Date   : Tue Apr 11 00:38:14 2023
****************************************

   late_timing
   -----------

Information: Timer using 'SI, Timing Window Analysis, CRPR'. (TIM-050)
Endpoint                         Path Delay     Path Required       CRP    Slack Group    Scenario
----------------------------------------------------------------------------------------------------------
wptr_full/wfull_reg/D (SDFFARX1_LVT)   1.78 r     1.46           0.00    -0.32   wclk     func_slow
wptr_full/wptr_reg_9_/D (SDFFARX1_LVT)   1.47 f   1.43           0.00    -0.04   wclk     func_slow
wptr_full/wptr_reg_2_/D (SDFFARX1_LVT)   1.45 f   1.44           0.00    -0.01   wclk     func_slow
rptr_empty/rempty_reg/D (SDFFASX1_LVT)   1.74 r   1.55           0.00    -0.19   rclk     func_slow
wptr_full/wfull_reg/D (SDFFARX1_LVT)   1.84 r     1.46           0.00    -0.38   INPUTS   func_slow
rptr_empty/rbin_reg_2_/SETB (SDFFASX2_LVT)  19.18 r  18.81       0.00    -0.37   INPUTS   func_slow
rptr_empty/rbin_reg_1_/SETB (SDFFASX2_LVT)  19.18 r  18.82       0.00    -0.36   INPUTS   func_slow
rptr_empty/rempty_reg/SETB (SDFFASX1_LVT)  19.18 r  18.83        0.00    -0.36   INPUTS   func_slow
rptr_empty/rbin_reg_8_/SETB (SDFFASX2_LVT)  19.18 r  18.84       0.00    -0.35   INPUTS   func_slow
rptr_empty/rbin_reg_4_/RSTB (SDFFARX2_LVT)  19.29 r  18.97       0.00    -0.32   INPUTS   func_slow
rptr_empty/rbin_reg_0_/RSTB (SDFFARX1_LVT)  19.29 r  18.98       0.00    -0.31   INPUTS   func_slow
rptr_empty/rbin_reg_3_/RSTB (SDFFARX1_LVT)  19.29 r  18.98       0.00    -0.31   INPUTS   func_slow
rptr_empty/rbin_reg_6_/RSTB (SDFFARX2_LVT)  19.26 r  18.97       0.00    -0.29   INPUTS   func_slow
rptr_empty/rbin_reg_5_/RSTB (SDFFARX1_LVT)  19.29 r  19.00       0.00    -0.29   INPUTS   func_slow
rptr_empty/rptr_reg_7_/RSTB (SDFFARX1_LVT)  19.26 r  18.98       0.00    -0.28   INPUTS   func_slow
rptr_empty/rbin_reg_9_/RSTB (SDFFARX2_LVT)  19.26 r  18.98       0.00    -0.27   INPUTS   func_slow
rptr_empty/rptr_reg_8_/RSTB (SDFFARX2_LVT)  19.26 r  18.99       0.00    -0.27   INPUTS   func_slow
sync_w2r/rq2_wptr_reg_1_/RSTB (DFFARX1_RVT)  19.29 r  19.02      0.00    -0.27   INPUTS   func_slow
sync_w2r/rq2_wptr_reg_0_/RSTB (DFFARX1_RVT)  19.29 r  19.02      0.00    -0.27   INPUTS   func_slow
sync_w2r/rq2_wptr_reg_2_/RSTB (DFFARX1_RVT)  19.29 r  19.02      0.00    -0.27   INPUTS   func_slow
rptr_empty/rptr_reg_0_/RSTB (SDFFARX1_RVT)  19.29 r  19.02       0.00    -0.27   INPUTS   func_slow
rptr_empty/rptr_reg_2_/RSTB (SDFFARX1_RVT)  19.29 r  19.02       0.00    -0.27   INPUTS   func_slow
rptr_empty/rbin_reg_10_/RSTB (SDFFARX1_LVT)  19.26 r  19.00      0.00    -0.26   INPUTS   func_slow
rptr_empty/rptr_reg_3_/RSTB (SDFFARX1_LVT)  19.26 r  19.00       0.00    -0.26   INPUTS   func_slow
rptr_empty/rbin_reg_7_/RSTB (SDFFARX1_LVT)  19.26 r  19.00       0.00    -0.26   INPUTS   func_slow
rptr_empty/rempty_reg/D (SDFFASX1_LVT)   1.77 f   1.52           0.00    -0.24   INPUTS   func_slow
rptr_empty/rptr_reg_9_/RSTB (SDFFARX2_RVT)  19.26 r  19.02       0.00    -0.23   INPUTS   func_slow
sync_w2r/rq2_wptr_reg_5_/RSTB (DFFARX1_RVT)  19.26 r  19.04      0.00    -0.22   INPUTS   func_slow
sync_w2r/rq2_wptr_reg_4_/RSTB (DFFARX1_RVT)  19.26 r  19.04      0.00    -0.22   INPUTS   func_slow
rptr_empty/rptr_reg_4_/RSTB (SDFFARX1_RVT)  19.26 r  19.04       0.00    -0.22   INPUTS   func_slow
sync_w2r/rq2_wptr_reg_8_/RSTB (DFFARX1_RVT)  19.26 r  19.04      0.00    -0.22   INPUTS   func_slow
sync_w2r/rq2_wptr_reg_10_/RSTB (DFFARX1_RVT)  19.26 r  19.04     0.00    -0.22   INPUTS   func_slow
sync_w2r/rq2_wptr_reg_9_/RSTB (DFFARX1_RVT)  19.26 r  19.04      0.00    -0.22   INPUTS   func_slow
rptr_empty/rptr_reg_6_/RSTB (SDFFARX1_RVT)  19.26 r  19.04       0.00    -0.22   INPUTS   func_slow
sync_w2r/rq2_wptr_reg_6_/RSTB (DFFARX1_RVT)  19.26 r  19.04      0.00    -0.22   INPUTS   func_slow
rptr_empty/rptr_reg_5_/RSTB (SDFFARX1_RVT)  19.26 r  19.04       0.00    -0.22   INPUTS   func_slow
sync_w2r/rq2_wptr_reg_3_/RSTB (DFFARX1_RVT)  19.25 r  19.04      0.00    -0.21   INPUTS   func_slow
sync_w2r/rq2_wptr_reg_7_/RSTB (DFFARX1_RVT)  19.25 r  19.04      0.00    -0.21   INPUTS   func_slow
sync_w2r/rq1_wptr_reg_2_/RSTB (SDFFARX1_HVT)  19.29 r  19.12     0.00    -0.17   INPUTS   func_slow
rptr_empty/rptr_reg_1_/RSTB (SDFFARX2_RVT)  19.18 r  19.02       0.00    -0.16   INPUTS   func_slow
sync_w2r/rq1_wptr_reg_10_/RSTB (SDFFARX1_HVT)  19.26 r  19.15    0.00    -0.11   INPUTS   func_slow
sync_w2r/rq1_wptr_reg_3_/RSTB (SDFFARX1_HVT)  19.26 r  19.15     0.00    -0.11   INPUTS   func_slow
sync_w2r/rq1_wptr_reg_6_/RSTB (SDFFARX1_HVT)  19.26 r  19.15     0.00    -0.11   INPUTS   func_slow
sync_w2r/rq1_wptr_reg_9_/RSTB (SDFFARX1_HVT)  19.26 r  19.15     0.00    -0.11   INPUTS   func_slow
sync_w2r/rq1_wptr_reg_8_/RSTB (SDFFARX1_HVT)  19.26 r  19.15     0.00    -0.11   INPUTS   func_slow
sync_w2r/rq1_wptr_reg_1_/RSTB (SDFFARX1_HVT)  19.26 r  19.15     0.00    -0.11   INPUTS   func_slow
sync_w2r/rq1_wptr_reg_0_/RSTB (SDFFARX1_HVT)  19.26 r  19.15     0.00    -0.11   INPUTS   func_slow
sync_w2r/rq1_wptr_reg_4_/RSTB (SDFFARX1_HVT)  19.26 r  19.15     0.00    -0.11   INPUTS   func_slow
sync_w2r/rq1_wptr_reg_5_/RSTB (SDFFARX1_HVT)  19.26 r  19.15     0.00    -0.11   INPUTS   func_slow
wdata_reg_7_/D (SDFFASX1_LVT)      0.91 f         0.80           0.00    -0.11   INPUTS   func_slow
wdata_reg_0_/D (SDFFARX1_LVT)      0.88 r         0.80           0.00    -0.08   INPUTS   func_slow
wdata_reg_6_/D (SDFFARX1_LVT)      0.87 r         0.79           0.00    -0.08   INPUTS   func_slow
wdata_reg_5_/D (SDFFARX1_LVT)      0.87 r         0.80           0.00    -0.07   INPUTS   func_slow
wdata_reg_1_/D (SDFFARX1_LVT)      0.87 r         0.80           0.00    -0.07   INPUTS   func_slow
wptr_full/wptr_reg_9_/D (SDFFARX1_LVT)   1.50 f   1.43           0.00    -0.07   INPUTS   func_slow
wdata_reg_4_/D (SDFFARX1_LVT)      0.87 r         0.80           0.00    -0.07   INPUTS   func_slow
wdata_reg_3_/D (SDFFARX1_LVT)      0.87 r         0.80           0.00    -0.07   INPUTS   func_slow
wdata_reg_2_/D (SDFFARX1_LVT)      0.87 r         0.81           0.00    -0.06   INPUTS   func_slow
wptr_full/wptr_reg_2_/D (SDFFARX1_LVT)   1.50 f   1.44           0.00    -0.06   INPUTS   func_slow
wptr_full/wptr_reg_1_/D (SDFFARX1_LVT)   1.45 f   1.41           0.00    -0.04   INPUTS   func_slow
wptr_full/wptr_reg_5_/D (SDFFARX1_LVT)   1.46 f   1.44           0.00    -0.02   INPUTS   func_slow
rptr_empty/rptr_reg_6_/D (SDFFARX1_RVT)   1.48 f   1.47          0.00    -0.02   INPUTS   func_slow
sync_w2r/rq1_wptr_reg_7_/RSTB (SDFFARX1_HVT)  19.18 r  19.17     0.00    -0.01   INPUTS   func_slow
wptr_full/wptr_reg_8_/D (SDFFARX1_LVT)   1.45 f   1.44           0.00    -0.01   INPUTS   func_slow
rptr_empty/rptr_reg_7_/D (SDFFARX1_LVT)   1.54 f   1.53          0.00    -0.01   INPUTS   func_slow
wptr_full/wptr_reg_7_/D (SDFFARX1_LVT)   1.45 f   1.44           0.00    -0.01   INPUTS   func_slow
rptr_empty/rptr_reg_1_/D (SDFFARX2_RVT)   1.43 f   1.43          0.00    -0.00   INPUTS   func_slow
rdata[7] (out)                     2.74 f         2.23           0.00    -0.50   OUTPUTS  func_slow
rdata[5] (out)                     2.68 f         2.23           0.00    -0.45   OUTPUTS  func_slow
rdata[3] (out)                     2.68 f         2.23           0.00    -0.44   OUTPUTS  func_slow
rdata[6] (out)                     2.68 f         2.23           0.00    -0.44   OUTPUTS  func_slow
rdata[4] (out)                     2.67 f         2.23           0.00    -0.44   OUTPUTS  func_slow
rdata[2] (out)                     2.64 f         2.23           0.00    -0.40   OUTPUTS  func_slow
rdata[1] (out)                     2.62 f         2.23           0.00    -0.39   OUTPUTS  func_slow
rdata[0] (out)                     2.59 f         2.23           0.00    -0.36   OUTPUTS  func_slow
wfull (out)                        2.32 f         2.12           0.00    -0.20   OUTPUTS  func_slow
rempty (out)                       2.42 f         2.23           0.00    -0.19   OUTPUTS  func_slow

   early_timing
   -----------

Information: Timer using 'SI, Timing Window Analysis, CRPR'. (TIM-050)
Endpoint                         Path Delay     Path Required       CRP    Slack Group    Scenario
----------------------------------------------------------------------------------------------------------
sync_w2r/rq1_wptr_reg_7_/RSTB (SDFFARX1_HVT)   0.89 r   1.08    -0.00    -0.19   INPUTS   func_slow
sync_w2r/rq1_wptr_reg_8_/RSTB (SDFFARX1_HVT)   0.96 r   1.04    -0.00    -0.09   INPUTS   func_slow
sync_w2r/rq1_wptr_reg_0_/RSTB (SDFFARX1_HVT)   0.96 r   1.04    -0.00    -0.09   INPUTS   func_slow
sync_w2r/rq1_wptr_reg_9_/RSTB (SDFFARX1_HVT)   0.96 r   1.04    -0.00    -0.09   INPUTS   func_slow
sync_w2r/rq1_wptr_reg_1_/RSTB (SDFFARX1_HVT)   0.96 r   1.04    -0.00    -0.09   INPUTS   func_slow
sync_w2r/rq1_wptr_reg_3_/RSTB (SDFFARX1_HVT)   0.96 r   1.04    -0.00    -0.09   INPUTS   func_slow
sync_w2r/rq1_wptr_reg_6_/RSTB (SDFFARX1_HVT)   0.96 r   1.04    -0.00    -0.09   INPUTS   func_slow
sync_w2r/rq1_wptr_reg_4_/RSTB (SDFFARX1_HVT)   0.96 r   1.04    -0.00    -0.09   INPUTS   func_slow
sync_w2r/rq1_wptr_reg_5_/RSTB (SDFFARX1_HVT)   0.96 r   1.04    -0.00    -0.09   INPUTS   func_slow
sync_w2r/rq1_wptr_reg_10_/RSTB (SDFFARX1_HVT)   0.96 r   1.04   -0.00    -0.09   INPUTS   func_slow
sync_w2r/rq1_wptr_reg_2_/RSTB (SDFFARX1_HVT)   0.99 r   1.02    -0.00    -0.03   INPUTS   func_slow

   Mode: func Corner: slow
   Scenario: func_slow
   max_transition                                                              
                             Required        Actual                            
   Net                      Transition     Transition        Slack  Violation  
  ---------------------------------------------------------------------------
   ZBUF_32_10                   0.11           0.10           0.01  (MET)      

  ---------------------------------------------------------------------------
   Number of max_transition violation(s): 0

   Mode: func Corner: slow
   Scenario: func_slow
   max_capacitance                                                             
                             Required        Actual                            
   Net                      Capacitance    Capacitance       Slack  Violation  
  ---------------------------------------------------------------------------
   fifomem/n87_CDR1            25.00          31.11          -6.11  (VIOLATED) 
     PIN : fifomem/genblk1_2__U/O2[7]    25.00    31.11      -6.11  (VIOLATED) 

   fifomem/n92                 25.00          30.95          -5.95  (VIOLATED) 
     PIN : fifomem/genblk1_7__U/O2[7]    25.00    30.95      -5.95  (VIOLATED) 

   fifomem/n76                 25.00          30.52          -5.52  (VIOLATED) 
     PIN : fifomem/genblk1_7__U/O2[5]    25.00    30.52      -5.52  (VIOLATED) 

   fifomem/n88_CDR1            25.00          30.14          -5.14  (VIOLATED) 
     PIN : fifomem/genblk1_3__U/O2[7]    25.00    30.14      -5.14  (VIOLATED) 

   fifomem/n78_CDR1            25.00          30.10          -5.10  (VIOLATED) 
     PIN : fifomem/genblk1_1__U/O2[6]    25.00    30.10      -5.10  (VIOLATED) 

   fifomem/n71_CDR1            25.00          29.61          -4.61  (VIOLATED) 
     PIN : fifomem/genblk1_2__U/O2[5]    25.00    29.61      -4.61  (VIOLATED) 

   fifomem/n69_CDR1            25.00          29.56          -4.56  (VIOLATED) 
     PIN : fifomem/genblk1_0__U/O2[5]    25.00    29.56      -4.56  (VIOLATED) 

   fifomem/n52                 25.00          29.33          -4.33  (VIOLATED) 
     PIN : fifomem/genblk1_7__U/O2[2]    25.00    29.33      -4.33  (VIOLATED) 

   fifomem/n79_CDR1            25.00          29.31          -4.31  (VIOLATED) 
     PIN : fifomem/genblk1_2__U/O2[6]    25.00    29.31      -4.31  (VIOLATED) 

   fifomem/n72_CDR1            25.00          28.57          -3.57  (VIOLATED) 
     PIN : fifomem/genblk1_3__U/O2[5]    25.00    28.57      -3.57  (VIOLATED) 

   fifomem/n70_CDR1            25.00          28.34          -3.34  (VIOLATED) 
     PIN : fifomem/genblk1_1__U/O2[5]    25.00    28.34      -3.34  (VIOLATED) 

   fifomem/n86_CDR1            25.00          28.18          -3.18  (VIOLATED) 
     PIN : fifomem/genblk1_1__U/O2[7]    25.00    28.18      -3.18  (VIOLATED) 

   fifomem/n80_CDR1            25.00          28.16          -3.16  (VIOLATED) 
     PIN : fifomem/genblk1_3__U/O2[6]    25.00    28.16      -3.16  (VIOLATED) 

  ---------------------------------------------------------------------------
   Number of max_capacitance violation(s): 13


   Mode: func Corner: slow
   Scenario: func_slow
  ---------------------------------------------------------------------------
   Number of min_capacitance violation(s): 0

   Total number of violation(s): 13
1
