###############################################################
#  Generated by:      Cadence Innovus 19.16-s053_1
#  OS:                Linux x86_64(Host ID auto.ece.pdx.edu)
#  Generated on:      Tue Apr 11 20:19:30 2023
#  Design:            fifo1_sram
#  Command:           report_ccopt_skew_groups -summary -file ../reports/fifo1_sram.innovus.postcts.ccopt_skew_groups.rpt
###############################################################

Skew Group Structure:
=====================

--------------------------------------------------------------------------
Skew Group             Sources    Constrained Sinks    Unconstrained Sinks
--------------------------------------------------------------------------
rclk/func_max_sdc         1              52                     0
rclk/func_min_sdc         1              52                     0
wclk/func_max_sdc         1              52                     0
wclk/func_min_sdc         1              52                     0
wclk2x/func_max_sdc       1               8                     0
wclk2x/func_min_sdc       1               8                     0
--------------------------------------------------------------------------

Skew Group Summary:
===================

----------------------------------------------------------------------------------------------------------------------------------------------------------------------------
Timing Corner             Skew Group             ID Target    Min ID    Max ID    Avg ID    Std.Dev. ID    Skew Target Type    Skew Target    Skew     Skew window occupancy
----------------------------------------------------------------------------------------------------------------------------------------------------------------------------
max_corner:setup.early    rclk/func_max_sdc          -        0.580     0.606     0.584        0.006       ignored                  -         0.026              -
                          rclk/func_min_sdc          -        0.580     0.606     0.584        0.006       ignored                  -         0.026              -
                          wclk/func_max_sdc          -        0.592     0.623     0.598        0.007       ignored                  -         0.031              -
                          wclk/func_min_sdc          -        0.592     0.623     0.598        0.007       ignored                  -         0.031              -
                          wclk2x/func_max_sdc        -        0.528     0.537     0.535        0.003       ignored                  -         0.008              -
                          wclk2x/func_min_sdc        -        0.528     0.537     0.535        0.003       ignored                  -         0.008              -
max_corner:setup.late     rclk/func_max_sdc      *0.100       0.585     0.611     0.589        0.007       auto computed        0.105         0.027    100% {0.585, 0.611}
                          rclk/func_min_sdc      none         0.585     0.611     0.589        0.007       auto computed        0.105         0.027    100% {0.585, 0.611}
                          wclk/func_max_sdc      *0.100       0.596     0.629     0.604        0.007       auto computed        0.105         0.033    100% {0.596, 0.629}
                          wclk/func_min_sdc      none         0.596     0.629     0.604        0.007       auto computed        0.105         0.033    100% {0.596, 0.629}
                          wclk2x/func_max_sdc    *0.100       0.530     0.539     0.537        0.003       auto computed        0.105         0.009    100% {0.530, 0.539}
                          wclk2x/func_min_sdc    none         0.530     0.539     0.537        0.003       auto computed        0.105         0.009    100% {0.530, 0.539}
min_corner:hold.early     rclk/func_max_sdc          -        0.227     0.242     0.231        0.003       ignored                  -         0.015              -
                          rclk/func_min_sdc          -        0.227     0.242     0.231        0.003       ignored                  -         0.015              -
                          wclk/func_max_sdc          -        0.226     0.254     0.241        0.004       ignored                  -         0.028              -
                          wclk/func_min_sdc          -        0.226     0.254     0.241        0.004       ignored                  -         0.028              -
                          wclk2x/func_max_sdc        -        0.209     0.216     0.215        0.003       ignored                  -         0.008              -
                          wclk2x/func_min_sdc        -        0.209     0.216     0.215        0.003       ignored                  -         0.008              -
min_corner:hold.late      rclk/func_max_sdc          -        0.227     0.244     0.232        0.004       ignored                  -         0.016              -
                          rclk/func_min_sdc          -        0.227     0.244     0.232        0.004       ignored                  -         0.016              -
                          wclk/func_max_sdc          -        0.227     0.256     0.243        0.005       ignored                  -         0.029              -
                          wclk/func_min_sdc          -        0.227     0.256     0.243        0.005       ignored                  -         0.029              -
                          wclk2x/func_max_sdc        -        0.209     0.217     0.215        0.003       ignored                  -         0.008              -
                          wclk2x/func_min_sdc        -        0.209     0.217     0.215        0.003       ignored                  -         0.008              -
----------------------------------------------------------------------------------------------------------------------------------------------------------------------------

* - indicates that target was not met.

Skew Group Min/Max path pins:
=============================

-------------------------------------------------------------------------------------
Timing Corner             Skew Group             Min ID    PathID    Max ID    PathID
-------------------------------------------------------------------------------------
max_corner:setup.early    rclk/func_max_sdc      0.580       -       0.606       -
-    min rptr_empty/rptr_reg_5_/CLK
-    max fifomem/genblk1_5__U/CE2
                          rclk/func_min_sdc      0.580       -       0.606       -
-    min rptr_empty/rptr_reg_5_/CLK
-    max fifomem/genblk1_5__U/CE2
                          wclk/func_max_sdc      0.592       -       0.623       -
-    min fifomem/genblk1_1__U/CE1
-    max fifomem/genblk1_2__U/CE1
                          wclk/func_min_sdc      0.592       -       0.623       -
-    min fifomem/genblk1_1__U/CE1
-    max fifomem/genblk1_2__U/CE1
                          wclk2x/func_max_sdc    0.528       -       0.537       -
-    min wdata_reg_0_/CLK
-    max wdata_reg_5_/CLK
                          wclk2x/func_min_sdc    0.528       -       0.537       -
-    min wdata_reg_0_/CLK
-    max wdata_reg_5_/CLK
max_corner:setup.late     rclk/func_max_sdc      0.585       -       0.611       -
-    min rptr_empty/rptr_reg_4_/CLK
-    max fifomem/genblk1_5__U/CE2
                          rclk/func_min_sdc      0.585       -       0.611       -
-    min rptr_empty/rptr_reg_4_/CLK
-    max fifomem/genblk1_5__U/CE2
                          wclk/func_max_sdc      0.596       -       0.629       -
-    min fifomem/genblk1_1__U/CE1
-    max fifomem/genblk1_2__U/CE1
                          wclk/func_min_sdc      0.596       -       0.629       -
-    min fifomem/genblk1_1__U/CE1
-    max fifomem/genblk1_2__U/CE1
                          wclk2x/func_max_sdc    0.530       -       0.539       -
-    min wdata_reg_0_/CLK
-    max wdata_reg_5_/CLK
                          wclk2x/func_min_sdc    0.530       -       0.539       -
-    min wdata_reg_0_/CLK
-    max wdata_reg_5_/CLK
min_corner:hold.early     rclk/func_max_sdc      0.227       -       0.242       -
-    min fifomem/genblk1_2__U/CE2
-    max fifomem/genblk1_5__U/CE2
                          rclk/func_min_sdc      0.227       -       0.242       -
-    min fifomem/genblk1_2__U/CE2
-    max fifomem/genblk1_5__U/CE2
                          wclk/func_max_sdc      0.226       -       0.254       -
-    min fifomem/genblk1_1__U/CE1
-    max fifomem/genblk1_2__U/CE1
                          wclk/func_min_sdc      0.226       -       0.254       -
-    min fifomem/genblk1_1__U/CE1
-    max fifomem/genblk1_2__U/CE1
                          wclk2x/func_max_sdc    0.209       -       0.216       -
-    min wdata_reg_0_/CLK
-    max wdata_reg_5_/CLK
                          wclk2x/func_min_sdc    0.209       -       0.216       -
-    min wdata_reg_0_/CLK
-    max wdata_reg_5_/CLK
min_corner:hold.late      rclk/func_max_sdc      0.227       -       0.244       -
-    min fifomem/genblk1_2__U/CE2
-    max fifomem/genblk1_5__U/CE2
                          rclk/func_min_sdc      0.227       -       0.244       -
-    min fifomem/genblk1_2__U/CE2
-    max fifomem/genblk1_5__U/CE2
                          wclk/func_max_sdc      0.227       -       0.256       -
-    min fifomem/genblk1_1__U/CE1
-    max fifomem/genblk1_2__U/CE1
                          wclk/func_min_sdc      0.227       -       0.256       -
-    min fifomem/genblk1_1__U/CE1
-    max fifomem/genblk1_2__U/CE1
                          wclk2x/func_max_sdc    0.209       -       0.217       -
-    min wdata_reg_0_/CLK
-    max wdata_reg_5_/CLK
                          wclk2x/func_min_sdc    0.209       -       0.217       -
-    min wdata_reg_0_/CLK
-    max wdata_reg_5_/CLK
-------------------------------------------------------------------------------------

