****************************************
Report : check_mv_design
Design : fifo1_sram
Version: Q-2019.12-SP4
Date   : Tue Apr 11 00:41:51 2023
****************************************

---------- Power domain rule ----------
No errors or warnings.

---------- Supply set rule ----------
No errors or warnings.

---------- Supply net rule ----------
No errors or warnings.

---------- Supply port rule ----------
No errors or warnings.

---------- Isolation strategy rule ----------
No errors or warnings.

---------- Level shifter strategy rule ----------
No errors or warnings.

---------- Retention strategy rule ----------
No errors or warnings.

---------- Power switch strategy rule ----------
No errors or warnings.

---------- Repeater rule ----------
No errors or warnings.

---------- Terminal boundary rule ----------
No errors or warnings.

---------- Isolation cell rule ----------
No errors or warnings.

---------- Level shifter cell rule ----------
No errors or warnings.

---------- Retention cell rule ----------
No errors or warnings.

---------- Switch cell rule ----------
No errors or warnings.

---------- PGMUX rule ----------
No errors or warnings.

---------- Diode cell rule ----------
No errors or warnings.

---------- Model rule ----------
No errors or warnings.

---------- Isolation rule ----------
No errors or warnings.

---------- Voltage shifting rule ----------
No errors or warnings.

---------- Tie-off connection rule ----------
No errors or warnings.

---------- Analog net rule ----------
No errors or warnings.

---------- Physical block pin rule ----------
No errors or warnings.

---------- PG pin rule ----------
No errors or warnings.

---------- Signal pin rule ----------
No errors or warnings.

---------- Summary ----------
Information: Total 0 error(s) and 0 warning(s) from check_mv_design. (MV-082)
1
