------------------------------------------------------------------------------------------
                      OverCon          OverCon          OverCon          OverCon
                       #GCell           #GCell           #GCell           #GCell  %GCell
       Layer          (1 - 1)          (2 - 2)          (3 - 3)          (4 - 4)  OverCon
------------------------------------------------------------------------------------------
     M1 ( 1)       0 ( 0.00%)       0 ( 0.00%)       0 ( 0.00%)       0 ( 0.00%)  ( 0.00%)
     M2 ( 2)       0 ( 0.00%)       0 ( 0.00%)       0 ( 0.00%)       0 ( 0.00%)  ( 0.00%)
     M3 ( 3)      17 ( 0.00%)       2 ( 0.00%)       3 ( 0.00%)       0 ( 0.00%)  ( 0.01%)
     M4 ( 4)       0 ( 0.00%)       0 ( 0.00%)       0 ( 0.00%)       0 ( 0.00%)  ( 0.00%)
     M5 ( 5)       8 ( 0.00%)       0 ( 0.00%)       0 ( 0.00%)       0 ( 0.00%)  ( 0.00%)
     M6 ( 6)      31 ( 0.01%)       8 ( 0.00%)       0 ( 0.00%)       0 ( 0.00%)  ( 0.01%)
     M7 ( 7)      75 ( 0.01%)       0 ( 0.00%)       0 ( 0.00%)       0 ( 0.00%)  ( 0.01%)
     M8 ( 8)      35 ( 0.01%)       1 ( 0.00%)       0 ( 0.00%)       0 ( 0.00%)  ( 0.01%)
     M9 ( 9)       4 ( 0.00%)       0 ( 0.00%)       0 ( 0.00%)       0 ( 0.00%)  ( 0.00%)
   MRDL (10)       0 ( 0.00%)       0 ( 0.00%)       0 ( 0.00%)       0 ( 0.00%)  ( 0.00%)
------------------------------------------------------------------------------------------
       Total     170 ( 0.00%)      11 ( 0.00%)       3 ( 0.00%)       0 ( 0.00%)  ( 0.00%)
------------------------------------------------------------------------------------------
2D Overflow (GR compatible) 0.01% H + 0.00% V
2D Overflow 0.01% H + 0.00% V
[hotspot] +------------+---------------+---------------+
[hotspot] |    layer   |  max hotspot  | total hotspot |
[hotspot] +------------+---------------+---------------+
[hotspot] |    M1(H)   |          0.00 |          0.00 |
[hotspot] |    M2(V)   |          0.00 |          0.00 |
[hotspot] |    M3(H)   |          0.00 |          0.00 |
[hotspot] |    M4(V)   |          0.00 |          0.00 |
[hotspot] |    M5(H)   |          0.00 |          0.00 |
[hotspot] |    M6(V)   |          0.17 |          0.17 |
[hotspot] |    M7(H)   |          0.69 |          1.39 |
[hotspot] |    M8(V)   |          0.00 |          0.00 |
[hotspot] |    M9(H)   |          0.00 |          0.00 |
[hotspot] |   MRDL(V)   |          0.00 |          0.00 |
[hotspot] +------------+---------------+---------------+
[hotspot] |   worst    | (M7)     0.69 | (M7)     1.39 |
[hotspot] +------------+---------------+---------------+
[hotspot] | all layers |          0.87 |          2.78 |
[hotspot] +------------+---------------+---------------+
Local HotSpot Analysis (3d): normalized congestion max/total hotspot area = 0.87/2.78 (area is in unit of 4 std-cell row bins)
[hotspot] top 5 congestion hotspot bounding boxes and scores of all layers hotspot
[hotspot] +-----+-------------------------------------+---------------+
[hotspot] | top |            hotspot bbox             | hotspot score |
[hotspot] +-----+-------------------------------------+---------------+
[hotspot] |  1  |   321.74   401.99   375.24   455.50 |        0.87   |
[hotspot] +-----+-------------------------------------+---------------+
[hotspot] |  2  |   482.25   401.99   535.75   455.50 |        0.52   |
[hotspot] +-----+-------------------------------------+---------------+
[hotspot] |  3  |   401.99   589.26   455.50   642.76 |        0.52   |
[hotspot] +-----+-------------------------------------+---------------+
[hotspot] |  4  |   401.99   669.51   455.50   723.02 |        0.35   |
[hotspot] +-----+-------------------------------------+---------------+
[hotspot] |  5  |   482.25   696.26   535.75   749.77 |        0.35   |
[hotspot] +-----+-------------------------------------+---------------+
