 Info: Initializing timer in CLOCK_SYN_REPORT_MODE
Warning: time.si_enable_analysis is on, it could increase the runtime and memory usage. 
****************************************
Report : clock qor
        -type summary
Design : fifo1_sram
Version: Q-2019.12-SP4
Date   : Tue Apr 11 00:40:40 2023
****************************************

Attributes
===========
M Master Clock
G Generated Clock
& Internal Generated Clock
U User Defined Skew Group
D Default Skew Group
* Generated Clock Balanced Separately

===========================================
==== Summary Reporting for Corner slow ====
===========================================

================================================== Summary Table for Corner slow ===================================================
Clock /                               Attrs     Sinks Levels    Clock     Clock     Clock       Max    Global  Trans DRC  Cap DRC
Skew Group                                                   Repeater  Repeater   Stdcell   Latency      Skew     Count     Count
                                                                Count      Area      Area
------------------------------------------------------------------------------------------------------------------------------------
### Mode: func, Scenario: func_slow
wclk                                    M,D        52      2        0      0.00  12000.00      0.58      0.08         0         0
rclk                                    M,D        52      3        4     42.70  12042.70      0.59      0.04         0         0
wclk2x                                  M,D         8      2        0      0.00  12000.00      0.47      0.01         0         0
------------------------------------------------------------------------------------------------------------------------------------
All Clocks                                        112      3        4     42.70  36042.70      0.59      0.08         0         0


Warning: Please use -largest / -smallest / -all switches with -show_verbose_paths / -show_paths to report the clock paths. (CTS-956)
1
