 
****************************************
Report : timing
        -path full
        -delay max
        -group OUTPUTS
        -max_paths 1
Design : fifo1_sram
Version: Q-2019.12-SP3
Date   : Tue Apr 11 00:14:08 2023
****************************************

Operating Conditions: ss0p75v125c   Library: saed32hvt_ss0p75v125c
Wire Load Model Mode: enclosed

  Startpoint: rptr_empty/rempty_reg
              (rising edge-triggered flip-flop clocked by rclk)
  Endpoint: rempty (output port clocked by rclk)
  Path Group: OUTPUTS
  Path Type: max

  Des/Clust/Port     Wire Load Model       Library
  ------------------------------------------------
  fifo1_sram         540000                saed32hvt_ss0p75v125c

  Point                                                   Incr       Path
  --------------------------------------------------------------------------
  clock rclk (rise edge)                                  0.00       0.00
  clock network delay (ideal)                             0.10       0.10
  rptr_empty/rempty_reg/CLK (SDFFASX1_LVT)                0.00       0.10 r
  rptr_empty/rempty_reg/QN (SDFFASX1_LVT)                 0.29       0.39 r
  rptr_empty/rempty_BAR (rptr_empty_ADDRSIZE10)           0.00       0.39 r
  U15/Y (INVX4_LVT)                                       0.06       0.45 f
  io_t_rempty/PADIO (D8I1025_NS)                          1.40       1.85 f
  rempty (out)                                            0.00       1.85 f
  data arrival time                                                  1.85

  clock rclk (rise edge)                                  1.22       1.22
  clock network delay (ideal)                             0.10       1.32
  clock uncertainty                                      -0.07       1.25
  output external delay                                   0.50       1.75
  data required time                                                 1.75
  --------------------------------------------------------------------------
  data required time                                                 1.75
  data arrival time                                                 -1.85
  --------------------------------------------------------------------------
  slack (VIOLATED)                                                  -0.10


1
